生成启动时间为 2016/5/5 1:16:50。
     1>项目“E:\Projects_VS2010\newproject\newproject\newproject.vcxproj”在节点 2 上(build 个目标)。
     1>InitializeBuildStatus:
         正在创建“Debug\newproject.unsuccessfulbuild”，因为已指定“AlwaysCreate”。
       ClCompile:
         G:\VisualStudio2010\VC\bin\CL.exe /c /ZI /nologo /W3 /WX- /Od /Oy- /D WIN32 /D _DEBUG /D _WINDOWS /D _MBCS /Gm /EHsc /RTC1 /MDd /GS /fp:precise /Zc:wchar_t /Zc:forScope /Fo"Debug\\" /Fd"Debug\vc100.pdb" /Gd /TP /analyze- /errorReport:prompt Example.cpp
         Example.cpp
     1>e:\projects_vs2010\newproject\newproject\example.cpp(65): warning C4305: “参数”: 从“double”到“float”截断
     1>e:\projects_vs2010\newproject\newproject\example.cpp(65): warning C4305: “参数”: 从“double”到“float”截断
     1>e:\projects_vs2010\newproject\newproject\example.cpp(94): warning C4305: “+=”: 从“double”到“float”截断
     1>e:\projects_vs2010\newproject\newproject\example.cpp(96): warning C4305: “=”: 从“double”到“float”截断
     1>e:\projects_vs2010\newproject\newproject\example.cpp(104): warning C4305: “-=”: 从“double”到“float”截断
     1>e:\projects_vs2010\newproject\newproject\example.cpp(106): warning C4305: “=”: 从“double”到“float”截断
     1>e:\projects_vs2010\newproject\newproject\example.cpp(118): warning C4305: “-=”: 从“double”到“float”截断
     1>e:\projects_vs2010\newproject\newproject\example.cpp(129): warning C4305: “+=”: 从“double”到“float”截断
     1>e:\projects_vs2010\newproject\newproject\example.cpp(201): warning C4305: “参数”: 从“double”到“float”截断
       ManifestResourceCompile:
         所有输出均为最新。
       Link:
         G:\VisualStudio2010\VC\bin\link.exe /ERRORREPORT:PROMPT /OUT:"E:\Projects_VS2010\newproject\Debug\newproject.exe" /INCREMENTAL /NOLOGO glu32.lib glaux.lib opengl32.lib kernel32.lib user32.lib gdi32.lib winspool.lib comdlg32.lib advapi32.lib shell32.lib ole32.lib oleaut32.lib uuid.lib odbc32.lib odbccp32.lib /MANIFEST /ManifestFile:"Debug\newproject.exe.intermediate.manifest" /MANIFESTUAC:"level='asInvoker' uiAccess='false'" /DEBUG /PDB:"E:\Projects_VS2010\newproject\Debug\newproject.pdb" /SUBSYSTEM:WINDOWS /TLBID:1 /DYNAMICBASE /NXCOMPAT /IMPLIB:"E:\Projects_VS2010\newproject\Debug\newproject.lib" /MACHINE:X86 Debug\newproject.exe.embed.manifest.res
         Debug\3DSLoader.obj
         Debug\Camera.obj
         Debug\CBMPLoader.obj
         Debug\Example.obj
         Debug\GLFrame.obj
         Debug\GLWindow.obj
         Debug\ScreenDlg.obj
         Debug\SkyBox.obj
         Debug\stdafx.obj
         Debug\Terrain.obj
         Debug\Track.obj
         Debug\Vector.obj
       Manifest:
         C:\Program Files (x86)\Microsoft SDKs\Windows\v7.0A\bin\mt.exe /nologo /verbose /out:"Debug\newproject.exe.embed.manifest" /manifest Debug\newproject.exe.intermediate.manifest
         所有输出均为最新。
       LinkEmbedManifest:
         所有输出均为最新。
         newproject.vcxproj -> E:\Projects_VS2010\newproject\Debug\newproject.exe
       FinalizeBuildStatus:
         正在删除文件“Debug\newproject.unsuccessfulbuild”。
         正在对“Debug\newproject.lastbuildstate”执行 Touch 任务。
     1>已完成生成项目“E:\Projects_VS2010\newproject\newproject\newproject.vcxproj”(build 个目标)的操作。

生成成功。

已用时间 00:00:01.22
