E:\PROJECTS_VS2010\NEWPROJECT\DEBUG\NEWPROJECT.EXE
E:\PROJECTS_VS2010\NEWPROJECT\DEBUG\NEWPROJECT.ILK
E:\PROJECTS_VS2010\NEWPROJECT\DEBUG\NEWPROJECT.PDB
E:\PROJECTS_VS2010\NEWPROJECT\NEWPROJECT\DEBUG\CAMERA.OBJ
E:\Projects_VS2010\newproject\newproject\Debug\cl.command.1.tlog
E:\Projects_VS2010\newproject\newproject\Debug\CL.read.1.tlog
E:\Projects_VS2010\newproject\newproject\Debug\CL.write.1.tlog
E:\PROJECTS_VS2010\NEWPROJECT\NEWPROJECT\DEBUG\EXAMPLE.OBJ
E:\PROJECTS_VS2010\NEWPROJECT\NEWPROJECT\DEBUG\GLFRAME.OBJ
E:\PROJECTS_VS2010\NEWPROJECT\NEWPROJECT\DEBUG\GLWINDOW.OBJ
E:\Projects_VS2010\newproject\newproject\Debug\link.11660.read.1.tlog
E:\Projects_VS2010\newproject\newproject\Debug\link.11660.write.1.tlog
E:\Projects_VS2010\newproject\newproject\Debug\link.11660-cvtres.read.1.tlog
E:\Projects_VS2010\newproject\newproject\Debug\link.11660-cvtres.write.1.tlog
E:\Projects_VS2010\newproject\newproject\Debug\link.1236.read.1.tlog
E:\Projects_VS2010\newproject\newproject\Debug\link.1236.write.1.tlog
E:\Projects_VS2010\newproject\newproject\Debug\link.1236-cvtres.read.1.tlog
E:\Projects_VS2010\newproject\newproject\Debug\link.1236-cvtres.write.1.tlog
E:\Projects_VS2010\newproject\newproject\Debug\link.1276.read.1.tlog
E:\Projects_VS2010\newproject\newproject\Debug\link.1276.write.1.tlog
E:\Projects_VS2010\newproject\newproject\Debug\link.1276-cvtres.read.1.tlog
E:\Projects_VS2010\newproject\newproject\Debug\link.1276-cvtres.write.1.tlog
E:\Projects_VS2010\newproject\newproject\Debug\link.2668.read.1.tlog
E:\Projects_VS2010\newproject\newproject\Debug\link.2668.write.1.tlog
E:\Projects_VS2010\newproject\newproject\Debug\link.2668-cvtres.read.1.tlog
E:\Projects_VS2010\newproject\newproject\Debug\link.2668-cvtres.write.1.tlog
E:\Projects_VS2010\newproject\newproject\Debug\link.4276.read.1.tlog
E:\Projects_VS2010\newproject\newproject\Debug\link.4276.write.1.tlog
E:\Projects_VS2010\newproject\newproject\Debug\link.4276-cvtres.read.1.tlog
E:\Projects_VS2010\newproject\newproject\Debug\link.4276-cvtres.write.1.tlog
E:\Projects_VS2010\newproject\newproject\Debug\link.4612.read.1.tlog
E:\Projects_VS2010\newproject\newproject\Debug\link.4612.write.1.tlog
E:\Projects_VS2010\newproject\newproject\Debug\link.4612-cvtres.read.1.tlog
E:\Projects_VS2010\newproject\newproject\Debug\link.4612-cvtres.write.1.tlog
E:\Projects_VS2010\newproject\newproject\Debug\link.4932.read.1.tlog
E:\Projects_VS2010\newproject\newproject\Debug\link.4932.write.1.tlog
E:\Projects_VS2010\newproject\newproject\Debug\link.4932-cvtres.read.1.tlog
E:\Projects_VS2010\newproject\newproject\Debug\link.4932-cvtres.write.1.tlog
E:\Projects_VS2010\newproject\newproject\Debug\link.6876.read.1.tlog
E:\Projects_VS2010\newproject\newproject\Debug\link.6876.write.1.tlog
E:\Projects_VS2010\newproject\newproject\Debug\link.6876-cvtres.read.1.tlog
E:\Projects_VS2010\newproject\newproject\Debug\link.6876-cvtres.write.1.tlog
E:\Projects_VS2010\newproject\newproject\Debug\link.884.read.1.tlog
E:\Projects_VS2010\newproject\newproject\Debug\link.884.write.1.tlog
E:\Projects_VS2010\newproject\newproject\Debug\link.884-cvtres.read.1.tlog
E:\Projects_VS2010\newproject\newproject\Debug\link.884-cvtres.write.1.tlog
E:\Projects_VS2010\newproject\newproject\Debug\link.command.1.tlog
E:\Projects_VS2010\newproject\newproject\Debug\link.read.1.tlog
E:\Projects_VS2010\newproject\newproject\Debug\link.write.1.tlog
E:\Projects_VS2010\newproject\newproject\Debug\link-cvtres.read.1.tlog
E:\Projects_VS2010\newproject\newproject\Debug\link-cvtres.write.1.tlog
E:\PROJECTS_VS2010\NEWPROJECT\NEWPROJECT\DEBUG\MAIN.OBJ
E:\Projects_VS2010\newproject\newproject\Debug\mt.command.1.tlog
E:\Projects_VS2010\newproject\newproject\Debug\mt.read.1.tlog
E:\Projects_VS2010\newproject\newproject\Debug\mt.write.1.tlog
E:\PROJECTS_VS2010\NEWPROJECT\NEWPROJECT\DEBUG\NEWPROJECT.EXE.EMBED.MANIFEST
E:\PROJECTS_VS2010\NEWPROJECT\NEWPROJECT\DEBUG\NEWPROJECT.EXE.EMBED.MANIFEST.RES
E:\PROJECTS_VS2010\NEWPROJECT\NEWPROJECT\DEBUG\NEWPROJECT.EXE.INTERMEDIATE.MANIFEST
E:\Projects_VS2010\newproject\newproject\Debug\newproject.vcxprojResolveAssemblyReference.cache
E:\Projects_VS2010\newproject\newproject\Debug\newproject.write.1.tlog
E:\Projects_VS2010\newproject\newproject\Debug\newproject_manifest.rc
E:\Projects_VS2010\newproject\newproject\Debug\rc.command.1.tlog
E:\Projects_VS2010\newproject\newproject\Debug\rc.read.1.tlog
E:\Projects_VS2010\newproject\newproject\Debug\rc.write.1.tlog
E:\PROJECTS_VS2010\NEWPROJECT\NEWPROJECT\DEBUG\SCREENDLG.OBJ
E:\Projects_VS2010\newproject\newproject\Debug\vc100.idb
E:\PROJECTS_VS2010\NEWPROJECT\NEWPROJECT\DEBUG\VC100.PDB
E:\PROJECTS_VS2010\NEWPROJECT\NEWPROJECT\DEBUG\VECTOR.OBJ
